# JRE version: Java(TM) SE Runtime Environment 18.9 (11.0.8+10) (build 11.0.8+10-LTS)
# Java VM: Java HotSpot(TM) 64-Bit Server VM 18.9 (11.0.8+10-LTS, mixed mode, tiered, g1 gc, windows-amd64)
Heap:
 garbage-first heap   total 4407296K, used 882561K [0x00000261bd800000, 0x0000026dbd800000)
  region size 8192K, 18 young (147456K), 18 survivors (147456K)
 Metaspace       used 18370K, capacity 18527K, committed 18688K, reserved 20480K
GC Heap History (10 events):
Event: 646.024 GC heap after
{Heap after GC invocations=64 (full 0):
 garbage-first heap   total 2572288K, used 627336K [0x00000261bd800000, 0x0000026dbd800000)
  region size 8192K, 15 young (122880K), 15 survivors (122880K)
 Metaspace       used 18369K, capacity 18527K, committed 18688K, reserved 20480K
}
Event: 646.943 GC heap before
{Heap before GC invocations=64 (full 0):
 garbage-first heap   total 2572288K, used 2044552K [0x00000261bd800000, 0x0000026dbd800000)
  region size 8192K, 188 young (1540096K), 15 survivors (122880K)
 Metaspace       used 18370K, capacity 18527K, committed 18688K, reserved 20480K
}
Event: 646.983 GC heap after
{Heap after GC invocations=65 (full 0):
 garbage-first heap   total 3293184K, used 676845K [0x00000261bd800000, 0x0000026dbd800000)
  region size 8192K, 14 young (114688K), 14 survivors (114688K)
 Metaspace       used 18370K, capacity 18527K, committed 18688K, reserved 20480K
}
Event: 648.739 GC heap before
{Heap before GC invocations=65 (full 0):
 garbage-first heap   total 3293184K, used 2536429K [0x00000261bd800000, 0x0000026dbd800000)
  region size 8192K, 241 young (1974272K), 14 survivors (114688K)
 Metaspace       used 18370K, capacity 18527K, committed 18688K, reserved 20480K
}
Event: 648.776 GC heap after
{Heap after GC invocations=66 (full 0):
 garbage-first heap   total 3293184K, used 740367K [0x00000261bd800000, 0x0000026dbd800000)
  region size 8192K, 22 young (180224K), 22 survivors (180224K)
 Metaspace       used 18370K, capacity 18527K, committed 18688K, reserved 20480K
}
Event: 650.081 GC heap before
{Heap before GC invocations=66 (full 0):
 garbage-first heap   total 3293184K, used 2534415K [0x00000261bd800000, 0x0000026dbd800000)
  region size 8192K, 241 young (1974272K), 22 survivors (180224K)
 Metaspace       used 18370K, capacity 18527K, committed 18688K, reserved 20480K
}
Event: 650.125 GC heap after
{Heap after GC invocations=67 (full 0):
 garbage-first heap   total 3293184K, used 785125K [0x00000261bd800000, 0x0000026dbd800000)
  region size 8192K, 24 young (196608K), 24 survivors (196608K)
 Metaspace       used 18370K, capacity 18527K, committed 18688K, reserved 20480K
}
Event: 651.369 GC heap before
{Heap before GC invocations=67 (full 0):
 garbage-first heap   total 3293184K, used 2562789K [0x00000261bd800000, 0x0000026dbd800000)
  region size 8192K, 241 young (1974272K), 24 survivors (196608K)
 Metaspace       used 18370K, capacity 18527K, committed 18688K, reserved 20480K
}
Event: 651.417 GC heap after
{Heap after GC invocations=68 (full 0):
 garbage-first heap   total 3293184K, used 813223K [0x00000261bd800000, 0x0000026dbd800000)
  region size 8192K, 18 young (147456K), 18 survivors (147456K)
 Metaspace       used 18370K, capacity 18527K, committed 18688K, reserved 20480K
}
Event: 652.723 GC heap before
{Heap before GC invocations=68 (full 0):
 garbage-first heap   total 3293184K, used 2640039K [0x00000261bd800000, 0x0000026dbd800000)
  region size 8192K, 241 young (1974272K), 18 survivors (147456K)
 Metaspace       used 18370K, capacity 18527K, committed 18688K, reserved 20480K
}

